2022-12-01 12:37:40	/home/bdccabes/eaip.vatssa.com/lib/plugins/publish/helper.php(114)	TypeError: Cannot access offset of type string on string
  #0 /home/bdccabes/eaip.vatssa.com/lib/plugins/publish/helper.php(214): helper_plugin_publish->getRevision()
  #1 /home/bdccabes/eaip.vatssa.com/lib/plugins/publish/helper.php(414): helper_plugin_publish->isCurrentRevisionApproved()
  #2 /home/bdccabes/eaip.vatssa.com/inc/search.php(67): helper_plugin_publish->_search_helper()
  #3 /home/bdccabes/eaip.vatssa.com/lib/plugins/publish/helper.php(377): search()
  #4 /home/bdccabes/eaip.vatssa.com/lib/plugins/publish/syntax.php(62): helper_plugin_publish->getPagesFromNamespace()
  #5 /home/bdccabes/eaip.vatssa.com/inc/parser/renderer.php(117): syntax_plugin_publish->render()
  #6 /home/bdccabes/eaip.vatssa.com/inc/parserutils.php(682): Doku_Renderer->plugin()
  #7 /home/bdccabes/eaip.vatssa.com/inc/parserutils.php(149): p_render()
  #8 /home/bdccabes/eaip.vatssa.com/inc/parserutils.php(89): p_cached_output()
  #9 /home/bdccabes/eaip.vatssa.com/inc/Ui/PageView.php(68): p_wiki_xhtml()
  #10 /home/bdccabes/eaip.vatssa.com/inc/Action/Show.php(37): dokuwiki\Ui\PageView->show()
  #11 /home/bdccabes/eaip.vatssa.com/inc/template.php(100): dokuwiki\Action\Show->tplContent()
  #12 [internal function]: tpl_content_core()
  #13 /home/bdccabes/eaip.vatssa.com/inc/Extension/Event.php(133): call_user_func_array()
  #14 /home/bdccabes/eaip.vatssa.com/inc/Extension/Event.php(199): dokuwiki\Extension\Event->trigger()
  #15 /home/bdccabes/eaip.vatssa.com/inc/template.php(85): dokuwiki\Extension\Event::createAndTrigger()
  #16 /home/bdccabes/eaip.vatssa.com/lib/tpl/sprintdoc/main.php(367): tpl_content()
  #17 /home/bdccabes/eaip.vatssa.com/inc/actions.php(27): include('/home/bdccabes/...')
  #18 /home/bdccabes/eaip.vatssa.com/doku.php(126): act_dispatch()
  #19 {main}
2022-12-01 12:37:46	/home/bdccabes/eaip.vatssa.com/lib/plugins/publish/helper.php(114)	TypeError: Cannot access offset of type string on string
  #0 /home/bdccabes/eaip.vatssa.com/lib/plugins/publish/helper.php(214): helper_plugin_publish->getRevision()
  #1 /home/bdccabes/eaip.vatssa.com/lib/plugins/publish/helper.php(414): helper_plugin_publish->isCurrentRevisionApproved()
  #2 /home/bdccabes/eaip.vatssa.com/inc/search.php(67): helper_plugin_publish->_search_helper()
  #3 /home/bdccabes/eaip.vatssa.com/lib/plugins/publish/helper.php(377): search()
  #4 /home/bdccabes/eaip.vatssa.com/lib/plugins/publish/syntax.php(62): helper_plugin_publish->getPagesFromNamespace()
  #5 /home/bdccabes/eaip.vatssa.com/inc/parser/renderer.php(117): syntax_plugin_publish->render()
  #6 /home/bdccabes/eaip.vatssa.com/inc/parserutils.php(682): Doku_Renderer->plugin()
  #7 /home/bdccabes/eaip.vatssa.com/inc/parserutils.php(149): p_render()
  #8 /home/bdccabes/eaip.vatssa.com/inc/parserutils.php(89): p_cached_output()
  #9 /home/bdccabes/eaip.vatssa.com/inc/Ui/PageView.php(68): p_wiki_xhtml()
  #10 /home/bdccabes/eaip.vatssa.com/inc/Action/Show.php(37): dokuwiki\Ui\PageView->show()
  #11 /home/bdccabes/eaip.vatssa.com/inc/template.php(100): dokuwiki\Action\Show->tplContent()
  #12 [internal function]: tpl_content_core()
  #13 /home/bdccabes/eaip.vatssa.com/inc/Extension/Event.php(133): call_user_func_array()
  #14 /home/bdccabes/eaip.vatssa.com/inc/Extension/Event.php(199): dokuwiki\Extension\Event->trigger()
  #15 /home/bdccabes/eaip.vatssa.com/inc/template.php(85): dokuwiki\Extension\Event::createAndTrigger()
  #16 /home/bdccabes/eaip.vatssa.com/lib/tpl/sprintdoc/main.php(367): tpl_content()
  #17 /home/bdccabes/eaip.vatssa.com/inc/actions.php(27): include('/home/bdccabes/...')
  #18 /home/bdccabes/eaip.vatssa.com/doku.php(126): act_dispatch()
  #19 {main}
2022-12-01 12:38:27	/home/bdccabes/eaip.vatssa.com/lib/plugins/publish/helper.php(114)	TypeError: Cannot access offset of type string on string
  #0 /home/bdccabes/eaip.vatssa.com/lib/plugins/publish/helper.php(214): helper_plugin_publish->getRevision()
  #1 /home/bdccabes/eaip.vatssa.com/lib/plugins/publish/helper.php(414): helper_plugin_publish->isCurrentRevisionApproved()
  #2 /home/bdccabes/eaip.vatssa.com/inc/search.php(67): helper_plugin_publish->_search_helper()
  #3 /home/bdccabes/eaip.vatssa.com/lib/plugins/publish/helper.php(377): search()
  #4 /home/bdccabes/eaip.vatssa.com/lib/plugins/publish/syntax.php(62): helper_plugin_publish->getPagesFromNamespace()
  #5 /home/bdccabes/eaip.vatssa.com/inc/parser/renderer.php(117): syntax_plugin_publish->render()
  #6 /home/bdccabes/eaip.vatssa.com/inc/parserutils.php(682): Doku_Renderer->plugin()
  #7 /home/bdccabes/eaip.vatssa.com/inc/parserutils.php(149): p_render()
  #8 /home/bdccabes/eaip.vatssa.com/inc/parserutils.php(89): p_cached_output()
  #9 /home/bdccabes/eaip.vatssa.com/inc/Ui/PageView.php(68): p_wiki_xhtml()
  #10 /home/bdccabes/eaip.vatssa.com/inc/Action/Show.php(37): dokuwiki\Ui\PageView->show()
  #11 /home/bdccabes/eaip.vatssa.com/inc/template.php(100): dokuwiki\Action\Show->tplContent()
  #12 [internal function]: tpl_content_core()
  #13 /home/bdccabes/eaip.vatssa.com/inc/Extension/Event.php(133): call_user_func_array()
  #14 /home/bdccabes/eaip.vatssa.com/inc/Extension/Event.php(199): dokuwiki\Extension\Event->trigger()
  #15 /home/bdccabes/eaip.vatssa.com/inc/template.php(85): dokuwiki\Extension\Event::createAndTrigger()
  #16 /home/bdccabes/eaip.vatssa.com/lib/tpl/sprintdoc/main.php(367): tpl_content()
  #17 /home/bdccabes/eaip.vatssa.com/inc/actions.php(27): include('/home/bdccabes/...')
  #18 /home/bdccabes/eaip.vatssa.com/doku.php(126): act_dispatch()
  #19 {main}
2022-12-01 13:12:06	/home/bdccabes/eaip.vatssa.com/lib/plugins/publish/helper.php(114)	TypeError: Cannot access offset of type string on string
  #0 /home/bdccabes/eaip.vatssa.com/lib/plugins/publish/helper.php(214): helper_plugin_publish->getRevision()
  #1 /home/bdccabes/eaip.vatssa.com/lib/plugins/publish/helper.php(414): helper_plugin_publish->isCurrentRevisionApproved()
  #2 /home/bdccabes/eaip.vatssa.com/inc/search.php(67): helper_plugin_publish->_search_helper()
  #3 /home/bdccabes/eaip.vatssa.com/lib/plugins/publish/helper.php(377): search()
  #4 /home/bdccabes/eaip.vatssa.com/lib/plugins/publish/syntax.php(62): helper_plugin_publish->getPagesFromNamespace()
  #5 /home/bdccabes/eaip.vatssa.com/inc/parser/renderer.php(117): syntax_plugin_publish->render()
  #6 /home/bdccabes/eaip.vatssa.com/inc/parserutils.php(682): Doku_Renderer->plugin()
  #7 /home/bdccabes/eaip.vatssa.com/inc/parserutils.php(149): p_render()
  #8 /home/bdccabes/eaip.vatssa.com/inc/parserutils.php(89): p_cached_output()
  #9 /home/bdccabes/eaip.vatssa.com/inc/Ui/PageView.php(68): p_wiki_xhtml()
  #10 /home/bdccabes/eaip.vatssa.com/inc/Action/Show.php(37): dokuwiki\Ui\PageView->show()
  #11 /home/bdccabes/eaip.vatssa.com/inc/template.php(100): dokuwiki\Action\Show->tplContent()
  #12 [internal function]: tpl_content_core()
  #13 /home/bdccabes/eaip.vatssa.com/inc/Extension/Event.php(133): call_user_func_array()
  #14 /home/bdccabes/eaip.vatssa.com/inc/Extension/Event.php(199): dokuwiki\Extension\Event->trigger()
  #15 /home/bdccabes/eaip.vatssa.com/inc/template.php(85): dokuwiki\Extension\Event::createAndTrigger()
  #16 /home/bdccabes/eaip.vatssa.com/lib/tpl/sprintdoc/main.php(367): tpl_content()
  #17 /home/bdccabes/eaip.vatssa.com/inc/actions.php(27): include('/home/bdccabes/...')
  #18 /home/bdccabes/eaip.vatssa.com/doku.php(126): act_dispatch()
  #19 {main}
