2022-11-27 20:13:35		syntax.php is deprecated. It was called from require_once() in /home/bdccabes/eaip.vatssa.com/lib/plugins/syntax.php:3 Do not require() files yourself. Autoloading should be used instead!
2022-11-27 20:13:35		resolve_pageid() is deprecated. It was called from helper_plugin_tabinclude::getTabPages() in /home/bdccabes/eaip.vatssa.com/lib/plugins/tabinclude/helper.php:103 dokuwiki\File\PageResolver should be used instead!
2022-11-27 20:13:35		resolve_pageid() is deprecated. It was called from helper_plugin_tabinclude::getTabPages() in /home/bdccabes/eaip.vatssa.com/lib/plugins/tabinclude/helper.php:103 dokuwiki\File\PageResolver should be used instead!
2022-11-27 20:13:35		resolve_pageid() is deprecated. It was called from helper_plugin_tabinclude::getTabPages() in /home/bdccabes/eaip.vatssa.com/lib/plugins/tabinclude/helper.php:103 dokuwiki\File\PageResolver should be used instead!
2022-11-27 20:13:35		resolve_pageid() is deprecated. It was called from action_plugin_bookcreator_pagetools::isVisible() in /home/bdccabes/eaip.vatssa.com/lib/plugins/bookcreator/action/pagetools.php:173 dokuwiki\File\PageResolver should be used instead!
2022-11-27 20:13:35		resolve_pageid() is deprecated. It was called from action_plugin_bookcreator_pagetools::isVisible() in /home/bdccabes/eaip.vatssa.com/lib/plugins/bookcreator/action/pagetools.php:173 dokuwiki\File\PageResolver should be used instead!
2022-11-27 20:13:35		resolve_pageid() is deprecated. It was called from action_plugin_bookcreator_pagetools::isVisible() in /home/bdccabes/eaip.vatssa.com/lib/plugins/bookcreator/action/pagetools.php:173 dokuwiki\File\PageResolver should be used instead!
2022-11-27 20:13:35		syntax.php is deprecated. It was called from require_once() in /home/bdccabes/eaip.vatssa.com/lib/plugins/syntax.php:3 Do not require() files yourself. Autoloading should be used instead!
2022-11-27 20:13:38		syntax.php is deprecated. It was called from require_once() in /home/bdccabes/eaip.vatssa.com/lib/plugins/syntax.php:3 Do not require() files yourself. Autoloading should be used instead!
2022-11-27 20:14:16		syntax.php is deprecated. It was called from require_once() in /home/bdccabes/eaip.vatssa.com/lib/plugins/syntax.php:3 Do not require() files yourself. Autoloading should be used instead!
2022-11-27 20:14:16		resolve_pageid() is deprecated. It was called from action_plugin_bookcreator_pagetools::isVisible() in /home/bdccabes/eaip.vatssa.com/lib/plugins/bookcreator/action/pagetools.php:173 dokuwiki\File\PageResolver should be used instead!
2022-11-27 20:14:16		dbglog() is deprecated. It was called from dokuwiki\Utf8\Sort::getCollator() in /home/bdccabes/eaip.vatssa.com/inc/Utf8/Sort.php:54 \dokuwiki\Logger should be used instead!
2022-11-27 20:14:17		resolve_pageid() is deprecated. It was called from action_plugin_bookcreator_pagetools::isVisible() in /home/bdccabes/eaip.vatssa.com/lib/plugins/bookcreator/action/pagetools.php:173 dokuwiki\File\PageResolver should be used instead!
2022-11-27 20:14:17		dbglog() is deprecated. It was called from dokuwiki\Utf8\Sort::getCollator() in /home/bdccabes/eaip.vatssa.com/inc/Utf8/Sort.php:54 \dokuwiki\Logger should be used instead!
2022-11-27 20:14:17		syntax.php is deprecated. It was called from require_once() in /home/bdccabes/eaip.vatssa.com/lib/plugins/syntax.php:3 Do not require() files yourself. Autoloading should be used instead!
2022-11-27 20:15:53		syntax.php is deprecated. It was called from require_once() in /home/bdccabes/eaip.vatssa.com/lib/plugins/syntax.php:3 Do not require() files yourself. Autoloading should be used instead!
2022-11-27 20:15:53		resolve_pageid() is deprecated. It was called from helper_plugin_tabinclude::getTabPages() in /home/bdccabes/eaip.vatssa.com/lib/plugins/tabinclude/helper.php:103 dokuwiki\File\PageResolver should be used instead!
2022-11-27 20:15:53		resolve_pageid() is deprecated. It was called from helper_plugin_tabinclude::getTabPages() in /home/bdccabes/eaip.vatssa.com/lib/plugins/tabinclude/helper.php:103 dokuwiki\File\PageResolver should be used instead!
2022-11-27 20:15:53		resolve_pageid() is deprecated. It was called from helper_plugin_tabinclude::getTabPages() in /home/bdccabes/eaip.vatssa.com/lib/plugins/tabinclude/helper.php:103 dokuwiki\File\PageResolver should be used instead!
2022-11-27 20:15:53		resolve_pageid() is deprecated. It was called from action_plugin_bookcreator_pagetools::isVisible() in /home/bdccabes/eaip.vatssa.com/lib/plugins/bookcreator/action/pagetools.php:173 dokuwiki\File\PageResolver should be used instead!
2022-11-27 20:15:53		syntax.php is deprecated. It was called from require_once() in /home/bdccabes/eaip.vatssa.com/lib/plugins/syntax.php:3 Do not require() files yourself. Autoloading should be used instead!
2022-11-27 20:15:53		resolve_pageid() is deprecated. It was called from helper_plugin_tabinclude::getTabPages() in /home/bdccabes/eaip.vatssa.com/lib/plugins/tabinclude/helper.php:103 dokuwiki\File\PageResolver should be used instead!
2022-11-27 20:15:53		resolve_pageid() is deprecated. It was called from helper_plugin_tabinclude::getTabPages() in /home/bdccabes/eaip.vatssa.com/lib/plugins/tabinclude/helper.php:103 dokuwiki\File\PageResolver should be used instead!
2022-11-27 20:15:53		resolve_pageid() is deprecated. It was called from helper_plugin_tabinclude::getTabPages() in /home/bdccabes/eaip.vatssa.com/lib/plugins/tabinclude/helper.php:103 dokuwiki\File\PageResolver should be used instead!
2022-11-27 20:15:53		resolve_pageid() is deprecated. It was called from action_plugin_bookcreator_pagetools::isVisible() in /home/bdccabes/eaip.vatssa.com/lib/plugins/bookcreator/action/pagetools.php:173 dokuwiki\File\PageResolver should be used instead!
2022-11-27 20:16:09		syntax.php is deprecated. It was called from require_once() in /home/bdccabes/eaip.vatssa.com/lib/plugins/syntax.php:3 Do not require() files yourself. Autoloading should be used instead!
2022-11-27 20:16:09		resolve_pageid() is deprecated. It was called from helper_plugin_tabinclude::getTabPages() in /home/bdccabes/eaip.vatssa.com/lib/plugins/tabinclude/helper.php:103 dokuwiki\File\PageResolver should be used instead!
2022-11-27 20:16:09		resolve_pageid() is deprecated. It was called from helper_plugin_tabinclude::getTabPages() in /home/bdccabes/eaip.vatssa.com/lib/plugins/tabinclude/helper.php:103 dokuwiki\File\PageResolver should be used instead!
2022-11-27 20:16:09		resolve_pageid() is deprecated. It was called from helper_plugin_tabinclude::getTabPages() in /home/bdccabes/eaip.vatssa.com/lib/plugins/tabinclude/helper.php:103 dokuwiki\File\PageResolver should be used instead!
2022-11-27 20:16:09		resolve_pageid() is deprecated. It was called from action_plugin_bookcreator_pagetools::isVisible() in /home/bdccabes/eaip.vatssa.com/lib/plugins/bookcreator/action/pagetools.php:173 dokuwiki\File\PageResolver should be used instead!
2022-11-27 20:16:09		syntax.php is deprecated. It was called from require_once() in /home/bdccabes/eaip.vatssa.com/lib/plugins/syntax.php:3 Do not require() files yourself. Autoloading should be used instead!
2022-11-27 20:16:09		resolve_pageid() is deprecated. It was called from helper_plugin_tabinclude::getTabPages() in /home/bdccabes/eaip.vatssa.com/lib/plugins/tabinclude/helper.php:103 dokuwiki\File\PageResolver should be used instead!
2022-11-27 20:16:09		resolve_pageid() is deprecated. It was called from helper_plugin_tabinclude::getTabPages() in /home/bdccabes/eaip.vatssa.com/lib/plugins/tabinclude/helper.php:103 dokuwiki\File\PageResolver should be used instead!
2022-11-27 20:16:09		resolve_pageid() is deprecated. It was called from helper_plugin_tabinclude::getTabPages() in /home/bdccabes/eaip.vatssa.com/lib/plugins/tabinclude/helper.php:103 dokuwiki\File\PageResolver should be used instead!
2022-11-27 20:16:09		resolve_pageid() is deprecated. It was called from action_plugin_bookcreator_pagetools::isVisible() in /home/bdccabes/eaip.vatssa.com/lib/plugins/bookcreator/action/pagetools.php:173 dokuwiki\File\PageResolver should be used instead!
2022-11-27 20:16:13		syntax.php is deprecated. It was called from require_once() in /home/bdccabes/eaip.vatssa.com/lib/plugins/syntax.php:3 Do not require() files yourself. Autoloading should be used instead!
2022-11-27 20:16:41		syntax.php is deprecated. It was called from require_once() in /home/bdccabes/eaip.vatssa.com/lib/plugins/syntax.php:3 Do not require() files yourself. Autoloading should be used instead!
2022-11-27 20:16:41		resolve_pageid() is deprecated. It was called from helper_plugin_tabinclude::getTabPages() in /home/bdccabes/eaip.vatssa.com/lib/plugins/tabinclude/helper.php:103 dokuwiki\File\PageResolver should be used instead!
2022-11-27 20:16:41		resolve_pageid() is deprecated. It was called from helper_plugin_tabinclude::getTabPages() in /home/bdccabes/eaip.vatssa.com/lib/plugins/tabinclude/helper.php:103 dokuwiki\File\PageResolver should be used instead!
2022-11-27 20:16:41		resolve_pageid() is deprecated. It was called from helper_plugin_tabinclude::getTabPages() in /home/bdccabes/eaip.vatssa.com/lib/plugins/tabinclude/helper.php:103 dokuwiki\File\PageResolver should be used instead!
2022-11-27 20:16:41		resolve_pageid() is deprecated. It was called from action_plugin_bookcreator_pagetools::isVisible() in /home/bdccabes/eaip.vatssa.com/lib/plugins/bookcreator/action/pagetools.php:173 dokuwiki\File\PageResolver should be used instead!
2022-11-27 20:16:41		syntax.php is deprecated. It was called from require_once() in /home/bdccabes/eaip.vatssa.com/lib/plugins/syntax.php:3 Do not require() files yourself. Autoloading should be used instead!
2022-11-27 20:16:41		resolve_pageid() is deprecated. It was called from helper_plugin_tabinclude::getTabPages() in /home/bdccabes/eaip.vatssa.com/lib/plugins/tabinclude/helper.php:103 dokuwiki\File\PageResolver should be used instead!
2022-11-27 20:16:41		resolve_pageid() is deprecated. It was called from helper_plugin_tabinclude::getTabPages() in /home/bdccabes/eaip.vatssa.com/lib/plugins/tabinclude/helper.php:103 dokuwiki\File\PageResolver should be used instead!
2022-11-27 20:16:41		resolve_pageid() is deprecated. It was called from helper_plugin_tabinclude::getTabPages() in /home/bdccabes/eaip.vatssa.com/lib/plugins/tabinclude/helper.php:103 dokuwiki\File\PageResolver should be used instead!
2022-11-27 20:16:41		resolve_pageid() is deprecated. It was called from action_plugin_bookcreator_pagetools::isVisible() in /home/bdccabes/eaip.vatssa.com/lib/plugins/bookcreator/action/pagetools.php:173 dokuwiki\File\PageResolver should be used instead!
2022-11-27 20:16:50		syntax.php is deprecated. It was called from require_once() in /home/bdccabes/eaip.vatssa.com/lib/plugins/syntax.php:3 Do not require() files yourself. Autoloading should be used instead!
2022-11-27 20:19:13		syntax.php is deprecated. It was called from require_once() in /home/bdccabes/eaip.vatssa.com/lib/plugins/syntax.php:3 Do not require() files yourself. Autoloading should be used instead!
2022-11-27 20:19:13		resolve_pageid() is deprecated. It was called from helper_plugin_tabinclude::getTabPages() in /home/bdccabes/eaip.vatssa.com/lib/plugins/tabinclude/helper.php:103 dokuwiki\File\PageResolver should be used instead!
2022-11-27 20:19:13		resolve_pageid() is deprecated. It was called from helper_plugin_tabinclude::getTabPages() in /home/bdccabes/eaip.vatssa.com/lib/plugins/tabinclude/helper.php:103 dokuwiki\File\PageResolver should be used instead!
2022-11-27 20:19:13		resolve_pageid() is deprecated. It was called from helper_plugin_tabinclude::getTabPages() in /home/bdccabes/eaip.vatssa.com/lib/plugins/tabinclude/helper.php:103 dokuwiki\File\PageResolver should be used instead!
2022-11-27 20:19:13		resolve_pageid() is deprecated. It was called from action_plugin_bookcreator_pagetools::isVisible() in /home/bdccabes/eaip.vatssa.com/lib/plugins/bookcreator/action/pagetools.php:173 dokuwiki\File\PageResolver should be used instead!
2022-11-27 20:19:13		syntax.php is deprecated. It was called from require_once() in /home/bdccabes/eaip.vatssa.com/lib/plugins/syntax.php:3 Do not require() files yourself. Autoloading should be used instead!
2022-11-27 20:19:13		resolve_pageid() is deprecated. It was called from helper_plugin_tabinclude::getTabPages() in /home/bdccabes/eaip.vatssa.com/lib/plugins/tabinclude/helper.php:103 dokuwiki\File\PageResolver should be used instead!
2022-11-27 20:19:13		resolve_pageid() is deprecated. It was called from helper_plugin_tabinclude::getTabPages() in /home/bdccabes/eaip.vatssa.com/lib/plugins/tabinclude/helper.php:103 dokuwiki\File\PageResolver should be used instead!
2022-11-27 20:19:13		resolve_pageid() is deprecated. It was called from helper_plugin_tabinclude::getTabPages() in /home/bdccabes/eaip.vatssa.com/lib/plugins/tabinclude/helper.php:103 dokuwiki\File\PageResolver should be used instead!
2022-11-27 20:19:13		resolve_pageid() is deprecated. It was called from action_plugin_bookcreator_pagetools::isVisible() in /home/bdccabes/eaip.vatssa.com/lib/plugins/bookcreator/action/pagetools.php:173 dokuwiki\File\PageResolver should be used instead!
2022-11-27 20:19:16		syntax.php is deprecated. It was called from require_once() in /home/bdccabes/eaip.vatssa.com/lib/plugins/syntax.php:3 Do not require() files yourself. Autoloading should be used instead!
2022-11-27 20:19:20		syntax.php is deprecated. It was called from require_once() in /home/bdccabes/eaip.vatssa.com/lib/plugins/syntax.php:3 Do not require() files yourself. Autoloading should be used instead!
2022-11-27 20:20:25		syntax.php is deprecated. It was called from require_once() in /home/bdccabes/eaip.vatssa.com/lib/plugins/syntax.php:3 Do not require() files yourself. Autoloading should be used instead!
2022-11-27 20:20:25		resolve_pageid() is deprecated. It was called from helper_plugin_tabinclude::getTabPages() in /home/bdccabes/eaip.vatssa.com/lib/plugins/tabinclude/helper.php:103 dokuwiki\File\PageResolver should be used instead!
2022-11-27 20:20:25		resolve_pageid() is deprecated. It was called from helper_plugin_tabinclude::getTabPages() in /home/bdccabes/eaip.vatssa.com/lib/plugins/tabinclude/helper.php:103 dokuwiki\File\PageResolver should be used instead!
2022-11-27 20:20:25		resolve_pageid() is deprecated. It was called from helper_plugin_tabinclude::getTabPages() in /home/bdccabes/eaip.vatssa.com/lib/plugins/tabinclude/helper.php:103 dokuwiki\File\PageResolver should be used instead!
2022-11-27 20:20:25		resolve_pageid() is deprecated. It was called from action_plugin_bookcreator_pagetools::isVisible() in /home/bdccabes/eaip.vatssa.com/lib/plugins/bookcreator/action/pagetools.php:173 dokuwiki\File\PageResolver should be used instead!
2022-11-27 20:20:25		syntax.php is deprecated. It was called from require_once() in /home/bdccabes/eaip.vatssa.com/lib/plugins/syntax.php:3 Do not require() files yourself. Autoloading should be used instead!
2022-11-27 20:20:25		resolve_pageid() is deprecated. It was called from helper_plugin_tabinclude::getTabPages() in /home/bdccabes/eaip.vatssa.com/lib/plugins/tabinclude/helper.php:103 dokuwiki\File\PageResolver should be used instead!
2022-11-27 20:20:25		resolve_pageid() is deprecated. It was called from helper_plugin_tabinclude::getTabPages() in /home/bdccabes/eaip.vatssa.com/lib/plugins/tabinclude/helper.php:103 dokuwiki\File\PageResolver should be used instead!
2022-11-27 20:20:25		resolve_pageid() is deprecated. It was called from helper_plugin_tabinclude::getTabPages() in /home/bdccabes/eaip.vatssa.com/lib/plugins/tabinclude/helper.php:103 dokuwiki\File\PageResolver should be used instead!
2022-11-27 20:20:25		resolve_pageid() is deprecated. It was called from action_plugin_bookcreator_pagetools::isVisible() in /home/bdccabes/eaip.vatssa.com/lib/plugins/bookcreator/action/pagetools.php:173 dokuwiki\File\PageResolver should be used instead!
2022-11-27 20:20:29		syntax.php is deprecated. It was called from require_once() in /home/bdccabes/eaip.vatssa.com/lib/plugins/syntax.php:3 Do not require() files yourself. Autoloading should be used instead!
2022-11-27 20:20:35		syntax.php is deprecated. It was called from require_once() in /home/bdccabes/eaip.vatssa.com/lib/plugins/syntax.php:3 Do not require() files yourself. Autoloading should be used instead!
2022-11-27 20:21:50		syntax.php is deprecated. It was called from require_once() in /home/bdccabes/eaip.vatssa.com/lib/plugins/syntax.php:3 Do not require() files yourself. Autoloading should be used instead!
2022-11-27 20:21:50		resolve_pageid() is deprecated. It was called from helper_plugin_tabinclude::getTabPages() in /home/bdccabes/eaip.vatssa.com/lib/plugins/tabinclude/helper.php:103 dokuwiki\File\PageResolver should be used instead!
2022-11-27 20:21:50		resolve_pageid() is deprecated. It was called from helper_plugin_tabinclude::getTabPages() in /home/bdccabes/eaip.vatssa.com/lib/plugins/tabinclude/helper.php:103 dokuwiki\File\PageResolver should be used instead!
2022-11-27 20:21:50		resolve_pageid() is deprecated. It was called from helper_plugin_tabinclude::getTabPages() in /home/bdccabes/eaip.vatssa.com/lib/plugins/tabinclude/helper.php:103 dokuwiki\File\PageResolver should be used instead!
2022-11-27 20:21:50		resolve_pageid() is deprecated. It was called from action_plugin_bookcreator_pagetools::isVisible() in /home/bdccabes/eaip.vatssa.com/lib/plugins/bookcreator/action/pagetools.php:173 dokuwiki\File\PageResolver should be used instead!
2022-11-27 20:21:50		syntax.php is deprecated. It was called from require_once() in /home/bdccabes/eaip.vatssa.com/lib/plugins/syntax.php:3 Do not require() files yourself. Autoloading should be used instead!
2022-11-27 20:21:50		resolve_pageid() is deprecated. It was called from helper_plugin_tabinclude::getTabPages() in /home/bdccabes/eaip.vatssa.com/lib/plugins/tabinclude/helper.php:103 dokuwiki\File\PageResolver should be used instead!
2022-11-27 20:21:50		resolve_pageid() is deprecated. It was called from helper_plugin_tabinclude::getTabPages() in /home/bdccabes/eaip.vatssa.com/lib/plugins/tabinclude/helper.php:103 dokuwiki\File\PageResolver should be used instead!
2022-11-27 20:21:50		resolve_pageid() is deprecated. It was called from helper_plugin_tabinclude::getTabPages() in /home/bdccabes/eaip.vatssa.com/lib/plugins/tabinclude/helper.php:103 dokuwiki\File\PageResolver should be used instead!
2022-11-27 20:21:50		resolve_pageid() is deprecated. It was called from action_plugin_bookcreator_pagetools::isVisible() in /home/bdccabes/eaip.vatssa.com/lib/plugins/bookcreator/action/pagetools.php:173 dokuwiki\File\PageResolver should be used instead!
2022-11-27 20:21:53		syntax.php is deprecated. It was called from require_once() in /home/bdccabes/eaip.vatssa.com/lib/plugins/syntax.php:3 Do not require() files yourself. Autoloading should be used instead!
2022-11-27 20:21:57		resolve_pageid() is deprecated. It was called from action_plugin_bookcreator_pagetools::isVisible() in /home/bdccabes/eaip.vatssa.com/lib/plugins/bookcreator/action/pagetools.php:173 dokuwiki\File\PageResolver should be used instead!
2022-11-27 20:21:57		resolve_pageid() is deprecated. It was called from action_plugin_bookcreator_pagetools::isVisible() in /home/bdccabes/eaip.vatssa.com/lib/plugins/bookcreator/action/pagetools.php:173 dokuwiki\File\PageResolver should be used instead!
2022-11-27 20:21:57		syntax.php is deprecated. It was called from require_once() in /home/bdccabes/eaip.vatssa.com/lib/plugins/syntax.php:3 Do not require() files yourself. Autoloading should be used instead!
2022-11-27 20:22:04		syntax.php is deprecated. It was called from require_once() in /home/bdccabes/eaip.vatssa.com/lib/plugins/syntax.php:3 Do not require() files yourself. Autoloading should be used instead!
2022-11-27 20:22:04		resolve_pageid() is deprecated. It was called from action_plugin_bookcreator_pagetools::isVisible() in /home/bdccabes/eaip.vatssa.com/lib/plugins/bookcreator/action/pagetools.php:173 dokuwiki\File\PageResolver should be used instead!
2022-11-27 20:22:04		dbglog() is deprecated. It was called from dokuwiki\Utf8\Sort::getCollator() in /home/bdccabes/eaip.vatssa.com/inc/Utf8/Sort.php:54 \dokuwiki\Logger should be used instead!
2022-11-27 20:22:08		resolve_pageid() is deprecated. It was called from action_plugin_bookcreator_pagetools::isVisible() in /home/bdccabes/eaip.vatssa.com/lib/plugins/bookcreator/action/pagetools.php:173 dokuwiki\File\PageResolver should be used instead!
2022-11-27 20:22:08		dbglog() is deprecated. It was called from dokuwiki\Utf8\Sort::getCollator() in /home/bdccabes/eaip.vatssa.com/inc/Utf8/Sort.php:54 \dokuwiki\Logger should be used instead!
2022-11-27 20:22:08		syntax.php is deprecated. It was called from require_once() in /home/bdccabes/eaip.vatssa.com/lib/plugins/syntax.php:3 Do not require() files yourself. Autoloading should be used instead!
2022-11-27 20:22:22		resolve_pageid() is deprecated. It was called from action_plugin_bookcreator_pagetools::isVisible() in /home/bdccabes/eaip.vatssa.com/lib/plugins/bookcreator/action/pagetools.php:173 dokuwiki\File\PageResolver should be used instead!
2022-11-27 20:22:22		dbglog() is deprecated. It was called from dokuwiki\Utf8\Sort::getCollator() in /home/bdccabes/eaip.vatssa.com/inc/Utf8/Sort.php:54 \dokuwiki\Logger should be used instead!
2022-11-27 20:22:26		resolve_pageid() is deprecated. It was called from action_plugin_bookcreator_pagetools::isVisible() in /home/bdccabes/eaip.vatssa.com/lib/plugins/bookcreator/action/pagetools.php:173 dokuwiki\File\PageResolver should be used instead!
2022-11-27 20:22:26		resolve_pageid() is deprecated. It was called from action_plugin_bookcreator_pagetools::isVisible() in /home/bdccabes/eaip.vatssa.com/lib/plugins/bookcreator/action/pagetools.php:173 dokuwiki\File\PageResolver should be used instead!
2022-11-27 20:22:33		resolve_pageid() is deprecated. It was called from action_plugin_bookcreator_pagetools::isVisible() in /home/bdccabes/eaip.vatssa.com/lib/plugins/bookcreator/action/pagetools.php:173 dokuwiki\File\PageResolver should be used instead!
2022-11-27 20:22:33		syntax.php is deprecated. It was called from require_once() in /home/bdccabes/eaip.vatssa.com/lib/plugins/syntax.php:3 Do not require() files yourself. Autoloading should be used instead!
2022-11-27 20:22:33		dbglog() is deprecated. It was called from dokuwiki\Utf8\Sort::getCollator() in /home/bdccabes/eaip.vatssa.com/inc/Utf8/Sort.php:54 \dokuwiki\Logger should be used instead!
2022-11-27 20:22:34		dbglog() is deprecated. It was called from dokuwiki\Utf8\Sort::getCollator() in /home/bdccabes/eaip.vatssa.com/inc/Utf8/Sort.php:54 \dokuwiki\Logger should be used instead!
2022-11-27 20:22:44		syntax.php is deprecated. It was called from require_once() in /home/bdccabes/eaip.vatssa.com/lib/plugins/syntax.php:3 Do not require() files yourself. Autoloading should be used instead!
2022-11-27 20:22:44		resolve_pageid() is deprecated. It was called from helper_plugin_tabinclude::getTabPages() in /home/bdccabes/eaip.vatssa.com/lib/plugins/tabinclude/helper.php:103 dokuwiki\File\PageResolver should be used instead!
2022-11-27 20:22:44		resolve_pageid() is deprecated. It was called from helper_plugin_tabinclude::getTabPages() in /home/bdccabes/eaip.vatssa.com/lib/plugins/tabinclude/helper.php:103 dokuwiki\File\PageResolver should be used instead!
2022-11-27 20:22:44		resolve_pageid() is deprecated. It was called from helper_plugin_tabinclude::getTabPages() in /home/bdccabes/eaip.vatssa.com/lib/plugins/tabinclude/helper.php:103 dokuwiki\File\PageResolver should be used instead!
2022-11-27 20:22:44		resolve_pageid() is deprecated. It was called from helper_plugin_tabinclude::getTabPages() in /home/bdccabes/eaip.vatssa.com/lib/plugins/tabinclude/helper.php:103 dokuwiki\File\PageResolver should be used instead!
2022-11-27 20:22:44		resolve_pageid() is deprecated. It was called from helper_plugin_tabinclude::getTabPages() in /home/bdccabes/eaip.vatssa.com/lib/plugins/tabinclude/helper.php:103 dokuwiki\File\PageResolver should be used instead!
2022-11-27 20:22:44		resolve_pageid() is deprecated. It was called from helper_plugin_tabinclude::getTabPages() in /home/bdccabes/eaip.vatssa.com/lib/plugins/tabinclude/helper.php:103 dokuwiki\File\PageResolver should be used instead!
2022-11-27 20:22:44		resolve_pageid() is deprecated. It was called from helper_plugin_tabinclude::getTabPages() in /home/bdccabes/eaip.vatssa.com/lib/plugins/tabinclude/helper.php:103 dokuwiki\File\PageResolver should be used instead!
2022-11-27 20:22:44		resolve_pageid() is deprecated. It was called from helper_plugin_tabinclude::getTabPages() in /home/bdccabes/eaip.vatssa.com/lib/plugins/tabinclude/helper.php:103 dokuwiki\File\PageResolver should be used instead!
2022-11-27 20:22:44		resolve_pageid() is deprecated. It was called from action_plugin_bookcreator_pagetools::isVisible() in /home/bdccabes/eaip.vatssa.com/lib/plugins/bookcreator/action/pagetools.php:173 dokuwiki\File\PageResolver should be used instead!
2022-11-27 20:22:44		utf8_strtolower() is deprecated. It was called from helper_plugin_tagging::cleanTag() in /home/bdccabes/eaip.vatssa.com/lib/plugins/tagging/helper.php:88 dokuwiki\Utf8\PhpString::strtolower() should be used instead!
2022-11-27 20:22:44		utf8_strtolower() is deprecated. It was called from helper_plugin_tagging::cleanTag() in /home/bdccabes/eaip.vatssa.com/lib/plugins/tagging/helper.php:88 dokuwiki\Utf8\PhpString::strtolower() should be used instead!
2022-11-27 20:22:44		utf8_strtolower() is deprecated. It was called from helper_plugin_tagging::cleanTag() in /home/bdccabes/eaip.vatssa.com/lib/plugins/tagging/helper.php:88 dokuwiki\Utf8\PhpString::strtolower() should be used instead!
2022-11-27 20:22:44		resolve_pageid() is deprecated. It was called from action_plugin_bookcreator_pagetools::isVisible() in /home/bdccabes/eaip.vatssa.com/lib/plugins/bookcreator/action/pagetools.php:173 dokuwiki\File\PageResolver should be used instead!
2022-11-27 20:22:50		resolve_pageid() is deprecated. It was called from action_plugin_bookcreator_pagetools::isVisible() in /home/bdccabes/eaip.vatssa.com/lib/plugins/bookcreator/action/pagetools.php:173 dokuwiki\File\PageResolver should be used instead!
2022-11-27 20:22:50		dbglog() is deprecated. It was called from dokuwiki\Utf8\Sort::getCollator() in /home/bdccabes/eaip.vatssa.com/inc/Utf8/Sort.php:54 \dokuwiki\Logger should be used instead!
2022-11-27 20:22:50		syntax.php is deprecated. It was called from require_once() in /home/bdccabes/eaip.vatssa.com/lib/plugins/syntax.php:3 Do not require() files yourself. Autoloading should be used instead!
2022-11-27 20:22:51		resolve_pageid() is deprecated. It was called from action_plugin_bookcreator_pagetools::isVisible() in /home/bdccabes/eaip.vatssa.com/lib/plugins/bookcreator/action/pagetools.php:173 dokuwiki\File\PageResolver should be used instead!
2022-11-27 20:22:51		resolve_pageid() is deprecated. It was called from action_plugin_bookcreator_pagetools::isVisible() in /home/bdccabes/eaip.vatssa.com/lib/plugins/bookcreator/action/pagetools.php:173 dokuwiki\File\PageResolver should be used instead!
2022-11-27 20:22:52		resolve_pageid() is deprecated. It was called from action_plugin_bookcreator_pagetools::isVisible() in /home/bdccabes/eaip.vatssa.com/lib/plugins/bookcreator/action/pagetools.php:173 dokuwiki\File\PageResolver should be used instead!
2022-11-27 20:22:52		dbglog() is deprecated. It was called from dokuwiki\Utf8\Sort::getCollator() in /home/bdccabes/eaip.vatssa.com/inc/Utf8/Sort.php:54 \dokuwiki\Logger should be used instead!
2022-11-27 20:22:52		syntax.php is deprecated. It was called from require_once() in /home/bdccabes/eaip.vatssa.com/lib/plugins/syntax.php:3 Do not require() files yourself. Autoloading should be used instead!
2022-11-27 20:29:47		syntax.php is deprecated. It was called from require_once() in /home/bdccabes/eaip.vatssa.com/lib/plugins/syntax.php:3 Do not require() files yourself. Autoloading should be used instead!
2022-11-27 20:29:48		resolve_pageid() is deprecated. It was called from helper_plugin_tabinclude::getTabPages() in /home/bdccabes/eaip.vatssa.com/lib/plugins/tabinclude/helper.php:103 dokuwiki\File\PageResolver should be used instead!
2022-11-27 20:29:48		resolve_pageid() is deprecated. It was called from helper_plugin_tabinclude::getTabPages() in /home/bdccabes/eaip.vatssa.com/lib/plugins/tabinclude/helper.php:103 dokuwiki\File\PageResolver should be used instead!
2022-11-27 20:29:48		resolve_pageid() is deprecated. It was called from helper_plugin_tabinclude::getTabPages() in /home/bdccabes/eaip.vatssa.com/lib/plugins/tabinclude/helper.php:103 dokuwiki\File\PageResolver should be used instead!
2022-11-27 20:29:48		resolve_pageid() is deprecated. It was called from action_plugin_bookcreator_pagetools::isVisible() in /home/bdccabes/eaip.vatssa.com/lib/plugins/bookcreator/action/pagetools.php:173 dokuwiki\File\PageResolver should be used instead!
2022-11-27 20:29:48		resolve_pageid() is deprecated. It was called from action_plugin_bookcreator_pagetools::isVisible() in /home/bdccabes/eaip.vatssa.com/lib/plugins/bookcreator/action/pagetools.php:173 dokuwiki\File\PageResolver should be used instead!
2022-11-27 20:29:51		resolve_pageid() is deprecated. It was called from action_plugin_bookcreator_pagetools::isVisible() in /home/bdccabes/eaip.vatssa.com/lib/plugins/bookcreator/action/pagetools.php:173 dokuwiki\File\PageResolver should be used instead!
2022-11-27 20:29:51		resolve_pageid() is deprecated. It was called from action_plugin_bookcreator_pagetools::isVisible() in /home/bdccabes/eaip.vatssa.com/lib/plugins/bookcreator/action/pagetools.php:173 dokuwiki\File\PageResolver should be used instead!
2022-11-27 20:29:53		resolve_pageid() is deprecated. It was called from action_plugin_bookcreator_pagetools::isVisible() in /home/bdccabes/eaip.vatssa.com/lib/plugins/bookcreator/action/pagetools.php:173 dokuwiki\File\PageResolver should be used instead!
2022-11-27 20:29:53		syntax.php is deprecated. It was called from require_once() in /home/bdccabes/eaip.vatssa.com/lib/plugins/syntax.php:3 Do not require() files yourself. Autoloading should be used instead!
2022-11-27 20:30:02		resolve_pageid() is deprecated. It was called from action_plugin_bookcreator_pagetools::isVisible() in /home/bdccabes/eaip.vatssa.com/lib/plugins/bookcreator/action/pagetools.php:173 dokuwiki\File\PageResolver should be used instead!
2022-11-27 20:30:02		syntax.php is deprecated. It was called from require_once() in /home/bdccabes/eaip.vatssa.com/lib/plugins/syntax.php:3 Do not require() files yourself. Autoloading should be used instead!
2022-11-27 20:30:02		resolve_pageid() is deprecated. It was called from action_plugin_bookcreator_pagetools::isVisible() in /home/bdccabes/eaip.vatssa.com/lib/plugins/bookcreator/action/pagetools.php:173 dokuwiki\File\PageResolver should be used instead!
2022-11-27 20:30:02		resolve_pageid() is deprecated. It was called from action_plugin_bookcreator_pagetools::isVisible() in /home/bdccabes/eaip.vatssa.com/lib/plugins/bookcreator/action/pagetools.php:173 dokuwiki\File\PageResolver should be used instead!
2022-11-27 20:30:02		syntax.php is deprecated. It was called from require_once() in /home/bdccabes/eaip.vatssa.com/lib/plugins/syntax.php:3 Do not require() files yourself. Autoloading should be used instead!
2022-11-27 20:30:23		resolve_pageid() is deprecated. It was called from action_plugin_bookcreator_pagetools::isVisible() in /home/bdccabes/eaip.vatssa.com/lib/plugins/bookcreator/action/pagetools.php:173 dokuwiki\File\PageResolver should be used instead!
2022-11-27 20:30:23		resolve_pageid() is deprecated. It was called from action_plugin_bookcreator_pagetools::isVisible() in /home/bdccabes/eaip.vatssa.com/lib/plugins/bookcreator/action/pagetools.php:173 dokuwiki\File\PageResolver should be used instead!
2022-11-27 20:30:35		resolve_pageid() is deprecated. It was called from action_plugin_bookcreator_pagetools::isVisible() in /home/bdccabes/eaip.vatssa.com/lib/plugins/bookcreator/action/pagetools.php:173 dokuwiki\File\PageResolver should be used instead!
2022-11-27 20:30:35		dbglog() is deprecated. It was called from dokuwiki\Utf8\Sort::getCollator() in /home/bdccabes/eaip.vatssa.com/inc/Utf8/Sort.php:54 \dokuwiki\Logger should be used instead!
2022-11-27 20:30:56		resolve_pageid() is deprecated. It was called from action_plugin_bookcreator_pagetools::isVisible() in /home/bdccabes/eaip.vatssa.com/lib/plugins/bookcreator/action/pagetools.php:173 dokuwiki\File\PageResolver should be used instead!
2022-11-27 20:30:56		dbglog() is deprecated. It was called from dokuwiki\Utf8\Sort::getCollator() in /home/bdccabes/eaip.vatssa.com/inc/Utf8/Sort.php:54 \dokuwiki\Logger should be used instead!
2022-11-27 20:30:58		resolve_pageid() is deprecated. It was called from action_plugin_bookcreator_pagetools::isVisible() in /home/bdccabes/eaip.vatssa.com/lib/plugins/bookcreator/action/pagetools.php:173 dokuwiki\File\PageResolver should be used instead!
2022-11-27 20:30:58		syntax.php is deprecated. It was called from require_once() in /home/bdccabes/eaip.vatssa.com/lib/plugins/syntax.php:3 Do not require() files yourself. Autoloading should be used instead!
2022-11-27 20:31:40		resolve_pageid() is deprecated. It was called from action_plugin_bookcreator_pagetools::isVisible() in /home/bdccabes/eaip.vatssa.com/lib/plugins/bookcreator/action/pagetools.php:173 dokuwiki\File\PageResolver should be used instead!
2022-11-27 20:31:40		syntax.php is deprecated. It was called from require_once() in /home/bdccabes/eaip.vatssa.com/lib/plugins/syntax.php:3 Do not require() files yourself. Autoloading should be used instead!
2022-11-27 20:31:40		resolve_pageid() is deprecated. It was called from action_plugin_bookcreator_pagetools::isVisible() in /home/bdccabes/eaip.vatssa.com/lib/plugins/bookcreator/action/pagetools.php:173 dokuwiki\File\PageResolver should be used instead!
2022-11-27 20:31:43		resolve_pageid() is deprecated. It was called from action_plugin_bookcreator_pagetools::isVisible() in /home/bdccabes/eaip.vatssa.com/lib/plugins/bookcreator/action/pagetools.php:173 dokuwiki\File\PageResolver should be used instead!
2022-11-27 20:31:43		syntax.php is deprecated. It was called from require_once() in /home/bdccabes/eaip.vatssa.com/lib/plugins/syntax.php:3 Do not require() files yourself. Autoloading should be used instead!
2022-11-27 20:31:43		dbglog() is deprecated. It was called from dokuwiki\Utf8\Sort::getCollator() in /home/bdccabes/eaip.vatssa.com/inc/Utf8/Sort.php:54 \dokuwiki\Logger should be used instead!
2022-11-27 20:32:01		resolve_pageid() is deprecated. It was called from action_plugin_bookcreator_pagetools::isVisible() in /home/bdccabes/eaip.vatssa.com/lib/plugins/bookcreator/action/pagetools.php:173 dokuwiki\File\PageResolver should be used instead!
2022-11-27 20:32:01		resolve_pageid() is deprecated. It was called from action_plugin_bookcreator_pagetools::isVisible() in /home/bdccabes/eaip.vatssa.com/lib/plugins/bookcreator/action/pagetools.php:173 dokuwiki\File\PageResolver should be used instead!
2022-11-27 20:32:01		syntax.php is deprecated. It was called from require_once() in /home/bdccabes/eaip.vatssa.com/lib/plugins/syntax.php:3 Do not require() files yourself. Autoloading should be used instead!
2022-11-27 20:32:06		resolve_pageid() is deprecated. It was called from action_plugin_bookcreator_pagetools::isVisible() in /home/bdccabes/eaip.vatssa.com/lib/plugins/bookcreator/action/pagetools.php:173 dokuwiki\File\PageResolver should be used instead!
2022-11-27 20:32:06		syntax.php is deprecated. It was called from require_once() in /home/bdccabes/eaip.vatssa.com/lib/plugins/syntax.php:3 Do not require() files yourself. Autoloading should be used instead!
2022-11-27 20:32:22		resolve_pageid() is deprecated. It was called from action_plugin_bookcreator_pagetools::isVisible() in /home/bdccabes/eaip.vatssa.com/lib/plugins/bookcreator/action/pagetools.php:173 dokuwiki\File\PageResolver should be used instead!
2022-11-27 20:32:22		syntax.php is deprecated. It was called from require_once() in /home/bdccabes/eaip.vatssa.com/lib/plugins/syntax.php:3 Do not require() files yourself. Autoloading should be used instead!
2022-11-27 20:32:22		resolve_pageid() is deprecated. It was called from action_plugin_bookcreator_pagetools::isVisible() in /home/bdccabes/eaip.vatssa.com/lib/plugins/bookcreator/action/pagetools.php:173 dokuwiki\File\PageResolver should be used instead!
2022-11-27 20:32:22		resolve_pageid() is deprecated. It was called from action_plugin_bookcreator_pagetools::isVisible() in /home/bdccabes/eaip.vatssa.com/lib/plugins/bookcreator/action/pagetools.php:173 dokuwiki\File\PageResolver should be used instead!
2022-11-27 20:32:22		syntax.php is deprecated. It was called from require_once() in /home/bdccabes/eaip.vatssa.com/lib/plugins/syntax.php:3 Do not require() files yourself. Autoloading should be used instead!
2022-11-27 20:32:46		syntax.php is deprecated. It was called from require_once() in /home/bdccabes/eaip.vatssa.com/lib/plugins/syntax.php:3 Do not require() files yourself. Autoloading should be used instead!
2022-11-27 20:32:46		resolve_pageid() is deprecated. It was called from action_plugin_bookcreator_pagetools::isVisible() in /home/bdccabes/eaip.vatssa.com/lib/plugins/bookcreator/action/pagetools.php:173 dokuwiki\File\PageResolver should be used instead!
2022-11-27 20:32:46		syntax.php is deprecated. It was called from require_once() in /home/bdccabes/eaip.vatssa.com/lib/plugins/syntax.php:3 Do not require() files yourself. Autoloading should be used instead!
2022-11-27 20:32:46		resolve_pageid() is deprecated. It was called from action_plugin_bookcreator_pagetools::isVisible() in /home/bdccabes/eaip.vatssa.com/lib/plugins/bookcreator/action/pagetools.php:173 dokuwiki\File\PageResolver should be used instead!
2022-11-27 20:32:51		resolve_pageid() is deprecated. It was called from action_plugin_bookcreator_pagetools::isVisible() in /home/bdccabes/eaip.vatssa.com/lib/plugins/bookcreator/action/pagetools.php:173 dokuwiki\File\PageResolver should be used instead!
2022-11-27 20:32:51		resolve_pageid() is deprecated. It was called from action_plugin_bookcreator_pagetools::isVisible() in /home/bdccabes/eaip.vatssa.com/lib/plugins/bookcreator/action/pagetools.php:173 dokuwiki\File\PageResolver should be used instead!
2022-11-27 20:32:51		syntax.php is deprecated. It was called from require_once() in /home/bdccabes/eaip.vatssa.com/lib/plugins/syntax.php:3 Do not require() files yourself. Autoloading should be used instead!
2022-11-27 20:32:54		resolve_pageid() is deprecated. It was called from action_plugin_bookcreator_pagetools::isVisible() in /home/bdccabes/eaip.vatssa.com/lib/plugins/bookcreator/action/pagetools.php:173 dokuwiki\File\PageResolver should be used instead!
2022-11-27 20:32:54		syntax.php is deprecated. It was called from require_once() in /home/bdccabes/eaip.vatssa.com/lib/plugins/syntax.php:3 Do not require() files yourself. Autoloading should be used instead!
2022-11-27 20:33:02		syntax.php is deprecated. It was called from require_once() in /home/bdccabes/eaip.vatssa.com/lib/plugins/syntax.php:3 Do not require() files yourself. Autoloading should be used instead!
2022-11-27 20:33:02		resolve_pageid() is deprecated. It was called from action_plugin_bookcreator_pagetools::isVisible() in /home/bdccabes/eaip.vatssa.com/lib/plugins/bookcreator/action/pagetools.php:173 dokuwiki\File\PageResolver should be used instead!
2022-11-27 20:33:02		dbglog() is deprecated. It was called from dokuwiki\Utf8\Sort::getCollator() in /home/bdccabes/eaip.vatssa.com/inc/Utf8/Sort.php:54 \dokuwiki\Logger should be used instead!
2022-11-27 20:33:06		dbglog() is deprecated. It was called from dokuwiki\Utf8\Sort::getCollator() in /home/bdccabes/eaip.vatssa.com/inc/Utf8/Sort.php:54 \dokuwiki\Logger should be used instead!
2022-11-27 20:33:08		syntax.php is deprecated. It was called from require_once() in /home/bdccabes/eaip.vatssa.com/lib/plugins/syntax.php:3 Do not require() files yourself. Autoloading should be used instead!
2022-11-27 20:33:08		resolve_pageid() is deprecated. It was called from action_plugin_bookcreator_pagetools::isVisible() in /home/bdccabes/eaip.vatssa.com/lib/plugins/bookcreator/action/pagetools.php:173 dokuwiki\File\PageResolver should be used instead!
2022-11-27 20:33:08		resolve_pageid() is deprecated. It was called from action_plugin_bookcreator_pagetools::isVisible() in /home/bdccabes/eaip.vatssa.com/lib/plugins/bookcreator/action/pagetools.php:173 dokuwiki\File\PageResolver should be used instead!
2022-11-27 20:33:10		resolve_pageid() is deprecated. It was called from action_plugin_bookcreator_pagetools::isVisible() in /home/bdccabes/eaip.vatssa.com/lib/plugins/bookcreator/action/pagetools.php:173 dokuwiki\File\PageResolver should be used instead!
2022-11-27 20:33:14		resolve_pageid() is deprecated. It was called from action_plugin_bookcreator_pagetools::isVisible() in /home/bdccabes/eaip.vatssa.com/lib/plugins/bookcreator/action/pagetools.php:173 dokuwiki\File\PageResolver should be used instead!
2022-11-27 20:33:14		syntax.php is deprecated. It was called from require_once() in /home/bdccabes/eaip.vatssa.com/lib/plugins/syntax.php:3 Do not require() files yourself. Autoloading should be used instead!
2022-11-27 20:33:14		resolve_pageid() is deprecated. It was called from action_plugin_bookcreator_pagetools::isVisible() in /home/bdccabes/eaip.vatssa.com/lib/plugins/bookcreator/action/pagetools.php:173 dokuwiki\File\PageResolver should be used instead!
2022-11-27 20:33:14		resolve_pageid() is deprecated. It was called from action_plugin_bookcreator_pagetools::isVisible() in /home/bdccabes/eaip.vatssa.com/lib/plugins/bookcreator/action/pagetools.php:173 dokuwiki\File\PageResolver should be used instead!
2022-11-27 20:33:15		syntax.php is deprecated. It was called from require_once() in /home/bdccabes/eaip.vatssa.com/lib/plugins/syntax.php:3 Do not require() files yourself. Autoloading should be used instead!
2022-11-27 20:33:23		resolve_pageid() is deprecated. It was called from action_plugin_bookcreator_pagetools::isVisible() in /home/bdccabes/eaip.vatssa.com/lib/plugins/bookcreator/action/pagetools.php:173 dokuwiki\File\PageResolver should be used instead!
2022-11-27 20:34:00		resolve_pageid() is deprecated. It was called from action_plugin_bookcreator_pagetools::isVisible() in /home/bdccabes/eaip.vatssa.com/lib/plugins/bookcreator/action/pagetools.php:173 dokuwiki\File\PageResolver should be used instead!
2022-11-27 20:34:00		syntax.php is deprecated. It was called from require_once() in /home/bdccabes/eaip.vatssa.com/lib/plugins/syntax.php:3 Do not require() files yourself. Autoloading should be used instead!
2022-11-27 20:34:00		resolve_pageid() is deprecated. It was called from action_plugin_bookcreator_pagetools::isVisible() in /home/bdccabes/eaip.vatssa.com/lib/plugins/bookcreator/action/pagetools.php:173 dokuwiki\File\PageResolver should be used instead!
2022-11-27 20:34:00		resolve_pageid() is deprecated. It was called from action_plugin_bookcreator_pagetools::isVisible() in /home/bdccabes/eaip.vatssa.com/lib/plugins/bookcreator/action/pagetools.php:173 dokuwiki\File\PageResolver should be used instead!
2022-11-27 20:34:00		syntax.php is deprecated. It was called from require_once() in /home/bdccabes/eaip.vatssa.com/lib/plugins/syntax.php:3 Do not require() files yourself. Autoloading should be used instead!
2022-11-27 20:34:13		resolve_pageid() is deprecated. It was called from action_plugin_bookcreator_pagetools::isVisible() in /home/bdccabes/eaip.vatssa.com/lib/plugins/bookcreator/action/pagetools.php:173 dokuwiki\File\PageResolver should be used instead!
2022-11-27 20:34:13		resolve_pageid() is deprecated. It was called from action_plugin_bookcreator_pagetools::isVisible() in /home/bdccabes/eaip.vatssa.com/lib/plugins/bookcreator/action/pagetools.php:173 dokuwiki\File\PageResolver should be used instead!
2022-11-27 20:34:19		resolve_pageid() is deprecated. It was called from action_plugin_bookcreator_pagetools::isVisible() in /home/bdccabes/eaip.vatssa.com/lib/plugins/bookcreator/action/pagetools.php:173 dokuwiki\File\PageResolver should be used instead!
2022-11-27 20:34:19		resolve_pageid() is deprecated. It was called from action_plugin_bookcreator_pagetools::isVisible() in /home/bdccabes/eaip.vatssa.com/lib/plugins/bookcreator/action/pagetools.php:173 dokuwiki\File\PageResolver should be used instead!
2022-11-27 20:34:25		syntax.php is deprecated. It was called from require_once() in /home/bdccabes/eaip.vatssa.com/lib/plugins/syntax.php:3 Do not require() files yourself. Autoloading should be used instead!
2022-11-27 20:34:25		resolve_pageid() is deprecated. It was called from helper_plugin_tabinclude::getTabPages() in /home/bdccabes/eaip.vatssa.com/lib/plugins/tabinclude/helper.php:103 dokuwiki\File\PageResolver should be used instead!
2022-11-27 20:34:25		resolve_pageid() is deprecated. It was called from helper_plugin_tabinclude::getTabPages() in /home/bdccabes/eaip.vatssa.com/lib/plugins/tabinclude/helper.php:103 dokuwiki\File\PageResolver should be used instead!
2022-11-27 20:34:25		resolve_pageid() is deprecated. It was called from helper_plugin_tabinclude::getTabPages() in /home/bdccabes/eaip.vatssa.com/lib/plugins/tabinclude/helper.php:103 dokuwiki\File\PageResolver should be used instead!
2022-11-27 20:34:25		resolve_pageid() is deprecated. It was called from action_plugin_bookcreator_pagetools::isVisible() in /home/bdccabes/eaip.vatssa.com/lib/plugins/bookcreator/action/pagetools.php:173 dokuwiki\File\PageResolver should be used instead!
2022-11-27 20:34:25		resolve_pageid() is deprecated. It was called from action_plugin_bookcreator_pagetools::isVisible() in /home/bdccabes/eaip.vatssa.com/lib/plugins/bookcreator/action/pagetools.php:173 dokuwiki\File\PageResolver should be used instead!
2022-11-27 20:34:28		resolve_pageid() is deprecated. It was called from action_plugin_bookcreator_pagetools::isVisible() in /home/bdccabes/eaip.vatssa.com/lib/plugins/bookcreator/action/pagetools.php:173 dokuwiki\File\PageResolver should be used instead!
2022-11-27 20:34:35		resolve_pageid() is deprecated. It was called from action_plugin_bookcreator_pagetools::isVisible() in /home/bdccabes/eaip.vatssa.com/lib/plugins/bookcreator/action/pagetools.php:173 dokuwiki\File\PageResolver should be used instead!
2022-11-27 20:34:46		resolve_pageid() is deprecated. It was called from action_plugin_bookcreator_pagetools::isVisible() in /home/bdccabes/eaip.vatssa.com/lib/plugins/bookcreator/action/pagetools.php:173 dokuwiki\File\PageResolver should be used instead!
2022-11-27 20:34:46		syntax.php is deprecated. It was called from require_once() in /home/bdccabes/eaip.vatssa.com/lib/plugins/syntax.php:3 Do not require() files yourself. Autoloading should be used instead!
2022-11-27 20:34:46		resolve_pageid() is deprecated. It was called from helper_plugin_tabinclude::getTabPages() in /home/bdccabes/eaip.vatssa.com/lib/plugins/tabinclude/helper.php:103 dokuwiki\File\PageResolver should be used instead!
2022-11-27 20:34:46		resolve_pageid() is deprecated. It was called from helper_plugin_tabinclude::getTabPages() in /home/bdccabes/eaip.vatssa.com/lib/plugins/tabinclude/helper.php:103 dokuwiki\File\PageResolver should be used instead!
2022-11-27 20:34:46		resolve_pageid() is deprecated. It was called from helper_plugin_tabinclude::getTabPages() in /home/bdccabes/eaip.vatssa.com/lib/plugins/tabinclude/helper.php:103 dokuwiki\File\PageResolver should be used instead!
2022-11-27 20:34:46		resolve_pageid() is deprecated. It was called from action_plugin_bookcreator_pagetools::isVisible() in /home/bdccabes/eaip.vatssa.com/lib/plugins/bookcreator/action/pagetools.php:173 dokuwiki\File\PageResolver should be used instead!
2022-11-27 20:34:46		resolve_pageid() is deprecated. It was called from action_plugin_bookcreator_pagetools::isVisible() in /home/bdccabes/eaip.vatssa.com/lib/plugins/bookcreator/action/pagetools.php:173 dokuwiki\File\PageResolver should be used instead!
2022-11-27 20:34:46		syntax.php is deprecated. It was called from require_once() in /home/bdccabes/eaip.vatssa.com/lib/plugins/syntax.php:3 Do not require() files yourself. Autoloading should be used instead!
2022-11-27 20:34:46		resolve_pageid() is deprecated. It was called from helper_plugin_tabinclude::getTabPages() in /home/bdccabes/eaip.vatssa.com/lib/plugins/tabinclude/helper.php:103 dokuwiki\File\PageResolver should be used instead!
2022-11-27 20:34:46		resolve_pageid() is deprecated. It was called from helper_plugin_tabinclude::getTabPages() in /home/bdccabes/eaip.vatssa.com/lib/plugins/tabinclude/helper.php:103 dokuwiki\File\PageResolver should be used instead!
2022-11-27 20:34:46		resolve_pageid() is deprecated. It was called from helper_plugin_tabinclude::getTabPages() in /home/bdccabes/eaip.vatssa.com/lib/plugins/tabinclude/helper.php:103 dokuwiki\File\PageResolver should be used instead!
2022-11-27 20:34:50		resolve_pageid() is deprecated. It was called from action_plugin_bookcreator_pagetools::isVisible() in /home/bdccabes/eaip.vatssa.com/lib/plugins/bookcreator/action/pagetools.php:173 dokuwiki\File\PageResolver should be used instead!
2022-11-27 20:34:50		resolve_pageid() is deprecated. It was called from action_plugin_bookcreator_pagetools::isVisible() in /home/bdccabes/eaip.vatssa.com/lib/plugins/bookcreator/action/pagetools.php:173 dokuwiki\File\PageResolver should be used instead!
2022-11-27 20:34:53		resolve_pageid() is deprecated. It was called from action_plugin_bookcreator_pagetools::isVisible() in /home/bdccabes/eaip.vatssa.com/lib/plugins/bookcreator/action/pagetools.php:173 dokuwiki\File\PageResolver should be used instead!
2022-11-27 20:34:53		resolve_pageid() is deprecated. It was called from action_plugin_bookcreator_pagetools::isVisible() in /home/bdccabes/eaip.vatssa.com/lib/plugins/bookcreator/action/pagetools.php:173 dokuwiki\File\PageResolver should be used instead!
2022-11-27 20:34:55		resolve_pageid() is deprecated. It was called from action_plugin_bookcreator_pagetools::isVisible() in /home/bdccabes/eaip.vatssa.com/lib/plugins/bookcreator/action/pagetools.php:173 dokuwiki\File\PageResolver should be used instead!
2022-11-27 20:35:02		resolve_pageid() is deprecated. It was called from action_plugin_bookcreator_pagetools::isVisible() in /home/bdccabes/eaip.vatssa.com/lib/plugins/bookcreator/action/pagetools.php:173 dokuwiki\File\PageResolver should be used instead!
2022-11-27 20:35:02		resolve_pageid() is deprecated. It was called from action_plugin_bookcreator_pagetools::isVisible() in /home/bdccabes/eaip.vatssa.com/lib/plugins/bookcreator/action/pagetools.php:173 dokuwiki\File\PageResolver should be used instead!
2022-11-27 20:35:04		resolve_pageid() is deprecated. It was called from action_plugin_bookcreator_pagetools::isVisible() in /home/bdccabes/eaip.vatssa.com/lib/plugins/bookcreator/action/pagetools.php:173 dokuwiki\File\PageResolver should be used instead!
2022-11-27 20:35:07		resolve_pageid() is deprecated. It was called from action_plugin_bookcreator_pagetools::isVisible() in /home/bdccabes/eaip.vatssa.com/lib/plugins/bookcreator/action/pagetools.php:173 dokuwiki\File\PageResolver should be used instead!
2022-11-27 20:35:07		syntax.php is deprecated. It was called from require_once() in /home/bdccabes/eaip.vatssa.com/lib/plugins/syntax.php:3 Do not require() files yourself. Autoloading should be used instead!
2022-11-27 20:35:07		resolve_pageid() is deprecated. It was called from action_plugin_bookcreator_pagetools::isVisible() in /home/bdccabes/eaip.vatssa.com/lib/plugins/bookcreator/action/pagetools.php:173 dokuwiki\File\PageResolver should be used instead!
2022-11-27 20:35:07		resolve_pageid() is deprecated. It was called from action_plugin_bookcreator_pagetools::isVisible() in /home/bdccabes/eaip.vatssa.com/lib/plugins/bookcreator/action/pagetools.php:173 dokuwiki\File\PageResolver should be used instead!
2022-11-27 20:35:07		syntax.php is deprecated. It was called from require_once() in /home/bdccabes/eaip.vatssa.com/lib/plugins/syntax.php:3 Do not require() files yourself. Autoloading should be used instead!
2022-11-27 20:35:15		syntax.php is deprecated. It was called from require_once() in /home/bdccabes/eaip.vatssa.com/lib/plugins/syntax.php:3 Do not require() files yourself. Autoloading should be used instead!
2022-11-27 20:35:15		resolve_pageid() is deprecated. It was called from action_plugin_bookcreator_pagetools::isVisible() in /home/bdccabes/eaip.vatssa.com/lib/plugins/bookcreator/action/pagetools.php:173 dokuwiki\File\PageResolver should be used instead!
2022-11-27 20:35:19		resolve_pageid() is deprecated. It was called from action_plugin_bookcreator_pagetools::isVisible() in /home/bdccabes/eaip.vatssa.com/lib/plugins/bookcreator/action/pagetools.php:173 dokuwiki\File\PageResolver should be used instead!
2022-11-27 20:35:19		resolve_pageid() is deprecated. It was called from action_plugin_bookcreator_pagetools::isVisible() in /home/bdccabes/eaip.vatssa.com/lib/plugins/bookcreator/action/pagetools.php:173 dokuwiki\File\PageResolver should be used instead!
2022-11-27 20:35:19		resolve_pageid() is deprecated. It was called from action_plugin_bookcreator_pagetools::isVisible() in /home/bdccabes/eaip.vatssa.com/lib/plugins/bookcreator/action/pagetools.php:173 dokuwiki\File\PageResolver should be used instead!
2022-11-27 20:35:30		syntax.php is deprecated. It was called from require_once() in /home/bdccabes/eaip.vatssa.com/lib/plugins/syntax.php:3 Do not require() files yourself. Autoloading should be used instead!
2022-11-27 20:35:30		resolve_pageid() is deprecated. It was called from helper_plugin_tabinclude::getTabPages() in /home/bdccabes/eaip.vatssa.com/lib/plugins/tabinclude/helper.php:103 dokuwiki\File\PageResolver should be used instead!
2022-11-27 20:35:30		resolve_pageid() is deprecated. It was called from helper_plugin_tabinclude::getTabPages() in /home/bdccabes/eaip.vatssa.com/lib/plugins/tabinclude/helper.php:103 dokuwiki\File\PageResolver should be used instead!
2022-11-27 20:35:30		resolve_pageid() is deprecated. It was called from helper_plugin_tabinclude::getTabPages() in /home/bdccabes/eaip.vatssa.com/lib/plugins/tabinclude/helper.php:103 dokuwiki\File\PageResolver should be used instead!
2022-11-27 20:35:30		resolve_pageid() is deprecated. It was called from action_plugin_bookcreator_pagetools::isVisible() in /home/bdccabes/eaip.vatssa.com/lib/plugins/bookcreator/action/pagetools.php:173 dokuwiki\File\PageResolver should be used instead!
2022-11-27 20:35:30		resolve_pageid() is deprecated. It was called from action_plugin_bookcreator_pagetools::isVisible() in /home/bdccabes/eaip.vatssa.com/lib/plugins/bookcreator/action/pagetools.php:173 dokuwiki\File\PageResolver should be used instead!
2022-11-27 20:35:36		resolve_pageid() is deprecated. It was called from action_plugin_bookcreator_pagetools::isVisible() in /home/bdccabes/eaip.vatssa.com/lib/plugins/bookcreator/action/pagetools.php:173 dokuwiki\File\PageResolver should be used instead!
2022-11-27 20:35:36		resolve_pageid() is deprecated. It was called from action_plugin_bookcreator_pagetools::isVisible() in /home/bdccabes/eaip.vatssa.com/lib/plugins/bookcreator/action/pagetools.php:173 dokuwiki\File\PageResolver should be used instead!
2022-11-27 20:35:40		resolve_pageid() is deprecated. It was called from action_plugin_bookcreator_pagetools::isVisible() in /home/bdccabes/eaip.vatssa.com/lib/plugins/bookcreator/action/pagetools.php:173 dokuwiki\File\PageResolver should be used instead!
2022-11-27 20:35:40		resolve_pageid() is deprecated. It was called from action_plugin_bookcreator_pagetools::isVisible() in /home/bdccabes/eaip.vatssa.com/lib/plugins/bookcreator/action/pagetools.php:173 dokuwiki\File\PageResolver should be used instead!
2022-11-27 20:35:52		resolve_pageid() is deprecated. It was called from action_plugin_bookcreator_pagetools::isVisible() in /home/bdccabes/eaip.vatssa.com/lib/plugins/bookcreator/action/pagetools.php:173 dokuwiki\File\PageResolver should be used instead!
2022-11-27 20:35:52		resolve_pageid() is deprecated. It was called from action_plugin_bookcreator_pagetools::isVisible() in /home/bdccabes/eaip.vatssa.com/lib/plugins/bookcreator/action/pagetools.php:173 dokuwiki\File\PageResolver should be used instead!
2022-11-27 20:35:56		resolve_pageid() is deprecated. It was called from action_plugin_bookcreator_pagetools::isVisible() in /home/bdccabes/eaip.vatssa.com/lib/plugins/bookcreator/action/pagetools.php:173 dokuwiki\File\PageResolver should be used instead!
2022-11-27 20:36:03		resolve_pageid() is deprecated. It was called from action_plugin_bookcreator_pagetools::isVisible() in /home/bdccabes/eaip.vatssa.com/lib/plugins/bookcreator/action/pagetools.php:173 dokuwiki\File\PageResolver should be used instead!
2022-11-27 20:36:03		syntax.php is deprecated. It was called from require_once() in /home/bdccabes/eaip.vatssa.com/lib/plugins/syntax.php:3 Do not require() files yourself. Autoloading should be used instead!
2022-11-27 20:36:07		resolve_pageid() is deprecated. It was called from action_plugin_bookcreator_pagetools::isVisible() in /home/bdccabes/eaip.vatssa.com/lib/plugins/bookcreator/action/pagetools.php:173 dokuwiki\File\PageResolver should be used instead!
2022-11-27 20:36:07		syntax.php is deprecated. It was called from require_once() in /home/bdccabes/eaip.vatssa.com/lib/plugins/syntax.php:3 Do not require() files yourself. Autoloading should be used instead!
2022-11-27 20:36:07		resolve_pageid() is deprecated. It was called from action_plugin_bookcreator_pagetools::isVisible() in /home/bdccabes/eaip.vatssa.com/lib/plugins/bookcreator/action/pagetools.php:173 dokuwiki\File\PageResolver should be used instead!
2022-11-27 20:36:07		resolve_pageid() is deprecated. It was called from action_plugin_bookcreator_pagetools::isVisible() in /home/bdccabes/eaip.vatssa.com/lib/plugins/bookcreator/action/pagetools.php:173 dokuwiki\File\PageResolver should be used instead!
2022-11-27 20:36:07		syntax.php is deprecated. It was called from require_once() in /home/bdccabes/eaip.vatssa.com/lib/plugins/syntax.php:3 Do not require() files yourself. Autoloading should be used instead!
2022-11-27 20:36:17		syntax.php is deprecated. It was called from require_once() in /home/bdccabes/eaip.vatssa.com/lib/plugins/syntax.php:3 Do not require() files yourself. Autoloading should be used instead!
2022-11-27 20:36:17		resolve_pageid() is deprecated. It was called from action_plugin_bookcreator_pagetools::isVisible() in /home/bdccabes/eaip.vatssa.com/lib/plugins/bookcreator/action/pagetools.php:173 dokuwiki\File\PageResolver should be used instead!
2022-11-27 20:36:43		resolve_pageid() is deprecated. It was called from action_plugin_bookcreator_pagetools::isVisible() in /home/bdccabes/eaip.vatssa.com/lib/plugins/bookcreator/action/pagetools.php:173 dokuwiki\File\PageResolver should be used instead!
2022-11-27 20:36:43		syntax.php is deprecated. It was called from require_once() in /home/bdccabes/eaip.vatssa.com/lib/plugins/syntax.php:3 Do not require() files yourself. Autoloading should be used instead!
2022-11-27 20:36:59		resolve_pageid() is deprecated. It was called from action_plugin_bookcreator_pagetools::isVisible() in /home/bdccabes/eaip.vatssa.com/lib/plugins/bookcreator/action/pagetools.php:173 dokuwiki\File\PageResolver should be used instead!
2022-11-27 20:36:59		syntax.php is deprecated. It was called from require_once() in /home/bdccabes/eaip.vatssa.com/lib/plugins/syntax.php:3 Do not require() files yourself. Autoloading should be used instead!
2022-11-27 20:37:05		resolve_pageid() is deprecated. It was called from action_plugin_bookcreator_pagetools::isVisible() in /home/bdccabes/eaip.vatssa.com/lib/plugins/bookcreator/action/pagetools.php:173 dokuwiki\File\PageResolver should be used instead!
2022-11-27 20:37:05		syntax.php is deprecated. It was called from require_once() in /home/bdccabes/eaip.vatssa.com/lib/plugins/syntax.php:3 Do not require() files yourself. Autoloading should be used instead!
2022-11-27 20:37:10		resolve_pageid() is deprecated. It was called from action_plugin_bookcreator_pagetools::isVisible() in /home/bdccabes/eaip.vatssa.com/lib/plugins/bookcreator/action/pagetools.php:173 dokuwiki\File\PageResolver should be used instead!
2022-11-27 20:37:11		syntax.php is deprecated. It was called from require_once() in /home/bdccabes/eaip.vatssa.com/lib/plugins/syntax.php:3 Do not require() files yourself. Autoloading should be used instead!
2022-11-27 20:37:11		resolve_pageid() is deprecated. It was called from action_plugin_bookcreator_pagetools::isVisible() in /home/bdccabes/eaip.vatssa.com/lib/plugins/bookcreator/action/pagetools.php:173 dokuwiki\File\PageResolver should be used instead!
2022-11-27 20:37:11		resolve_pageid() is deprecated. It was called from action_plugin_bookcreator_pagetools::isVisible() in /home/bdccabes/eaip.vatssa.com/lib/plugins/bookcreator/action/pagetools.php:173 dokuwiki\File\PageResolver should be used instead!
2022-11-27 20:37:14		resolve_pageid() is deprecated. It was called from action_plugin_bookcreator_pagetools::isVisible() in /home/bdccabes/eaip.vatssa.com/lib/plugins/bookcreator/action/pagetools.php:173 dokuwiki\File\PageResolver should be used instead!
2022-11-27 20:37:14		resolve_pageid() is deprecated. It was called from action_plugin_bookcreator_pagetools::isVisible() in /home/bdccabes/eaip.vatssa.com/lib/plugins/bookcreator/action/pagetools.php:173 dokuwiki\File\PageResolver should be used instead!
2022-11-27 20:39:24		syntax.php is deprecated. It was called from require_once() in /home/bdccabes/eaip.vatssa.com/lib/plugins/syntax.php:3 Do not require() files yourself. Autoloading should be used instead!
2022-11-27 20:39:24		syntax.php is deprecated. It was called from require_once() in /home/bdccabes/eaip.vatssa.com/lib/plugins/syntax.php:3 Do not require() files yourself. Autoloading should be used instead!
2022-11-27 22:02:08		syntax.php is deprecated. It was called from require_once() in /home/bdccabes/eaip.vatssa.com/lib/plugins/syntax.php:3 Do not require() files yourself. Autoloading should be used instead!
2022-11-27 22:02:08		syntax.php is deprecated. It was called from require_once() in /home/bdccabes/eaip.vatssa.com/lib/plugins/syntax.php:3 Do not require() files yourself. Autoloading should be used instead!
2022-11-27 22:02:08		syntax.php is deprecated. It was called from require_once() in /home/bdccabes/eaip.vatssa.com/lib/plugins/syntax.php:3 Do not require() files yourself. Autoloading should be used instead!
2022-11-27 22:02:08		syntax.php is deprecated. It was called from require_once() in /home/bdccabes/eaip.vatssa.com/lib/plugins/syntax.php:3 Do not require() files yourself. Autoloading should be used instead!
2022-11-27 22:02:09		syntax.php is deprecated. It was called from require_once() in /home/bdccabes/eaip.vatssa.com/lib/plugins/syntax.php:3 Do not require() files yourself. Autoloading should be used instead!
2022-11-27 22:02:09		syntax.php is deprecated. It was called from require_once() in /home/bdccabes/eaip.vatssa.com/lib/plugins/syntax.php:3 Do not require() files yourself. Autoloading should be used instead!
2022-11-27 22:02:09		syntax.php is deprecated. It was called from require_once() in /home/bdccabes/eaip.vatssa.com/lib/plugins/syntax.php:3 Do not require() files yourself. Autoloading should be used instead!
2022-11-27 22:02:09		syntax.php is deprecated. It was called from require_once() in /home/bdccabes/eaip.vatssa.com/lib/plugins/syntax.php:3 Do not require() files yourself. Autoloading should be used instead!
2022-11-27 22:02:09		syntax.php is deprecated. It was called from require_once() in /home/bdccabes/eaip.vatssa.com/lib/plugins/syntax.php:3 Do not require() files yourself. Autoloading should be used instead!
2022-11-27 22:02:09		syntax.php is deprecated. It was called from require_once() in /home/bdccabes/eaip.vatssa.com/lib/plugins/syntax.php:3 Do not require() files yourself. Autoloading should be used instead!
2022-11-27 22:02:09		syntax.php is deprecated. It was called from require_once() in /home/bdccabes/eaip.vatssa.com/lib/plugins/syntax.php:3 Do not require() files yourself. Autoloading should be used instead!
2022-11-27 22:02:09		syntax.php is deprecated. It was called from require_once() in /home/bdccabes/eaip.vatssa.com/lib/plugins/syntax.php:3 Do not require() files yourself. Autoloading should be used instead!
2022-11-27 22:02:09		syntax.php is deprecated. It was called from require_once() in /home/bdccabes/eaip.vatssa.com/lib/plugins/syntax.php:3 Do not require() files yourself. Autoloading should be used instead!
2022-11-27 22:02:09		syntax.php is deprecated. It was called from require_once() in /home/bdccabes/eaip.vatssa.com/lib/plugins/syntax.php:3 Do not require() files yourself. Autoloading should be used instead!
2022-11-27 22:02:09		syntax.php is deprecated. It was called from require_once() in /home/bdccabes/eaip.vatssa.com/lib/plugins/syntax.php:3 Do not require() files yourself. Autoloading should be used instead!
2022-11-27 22:02:11		syntax.php is deprecated. It was called from require_once() in /home/bdccabes/eaip.vatssa.com/lib/plugins/syntax.php:3 Do not require() files yourself. Autoloading should be used instead!
2022-11-27 22:02:11		resolve_pageid() is deprecated. It was called from helper_plugin_tabinclude::getTabPages() in /home/bdccabes/eaip.vatssa.com/lib/plugins/tabinclude/helper.php:103 dokuwiki\File\PageResolver should be used instead!
2022-11-27 22:02:11		resolve_pageid() is deprecated. It was called from helper_plugin_tabinclude::getTabPages() in /home/bdccabes/eaip.vatssa.com/lib/plugins/tabinclude/helper.php:103 dokuwiki\File\PageResolver should be used instead!
2022-11-27 22:02:11		resolve_pageid() is deprecated. It was called from helper_plugin_tabinclude::getTabPages() in /home/bdccabes/eaip.vatssa.com/lib/plugins/tabinclude/helper.php:103 dokuwiki\File\PageResolver should be used instead!
2022-11-27 22:02:11		resolve_pageid() is deprecated. It was called from helper_plugin_tabinclude::getTabPages() in /home/bdccabes/eaip.vatssa.com/lib/plugins/tabinclude/helper.php:103 dokuwiki\File\PageResolver should be used instead!
2022-11-27 22:02:11		resolve_pageid() is deprecated. It was called from helper_plugin_tabinclude::getTabPages() in /home/bdccabes/eaip.vatssa.com/lib/plugins/tabinclude/helper.php:103 dokuwiki\File\PageResolver should be used instead!
2022-11-27 22:02:11		resolve_pageid() is deprecated. It was called from helper_plugin_tabinclude::getTabPages() in /home/bdccabes/eaip.vatssa.com/lib/plugins/tabinclude/helper.php:103 dokuwiki\File\PageResolver should be used instead!
2022-11-27 22:02:11		resolve_pageid() is deprecated. It was called from helper_plugin_tabinclude::getTabPages() in /home/bdccabes/eaip.vatssa.com/lib/plugins/tabinclude/helper.php:103 dokuwiki\File\PageResolver should be used instead!
2022-11-27 22:02:11		resolve_pageid() is deprecated. It was called from helper_plugin_tabinclude::getTabPages() in /home/bdccabes/eaip.vatssa.com/lib/plugins/tabinclude/helper.php:103 dokuwiki\File\PageResolver should be used instead!
2022-11-27 22:02:11		syntax.php is deprecated. It was called from require_once() in /home/bdccabes/eaip.vatssa.com/lib/plugins/syntax.php:3 Do not require() files yourself. Autoloading should be used instead!
2022-11-27 22:02:11		syntax.php is deprecated. It was called from require_once() in /home/bdccabes/eaip.vatssa.com/lib/plugins/syntax.php:3 Do not require() files yourself. Autoloading should be used instead!
2022-11-27 22:02:11		syntax.php is deprecated. It was called from require_once() in /home/bdccabes/eaip.vatssa.com/lib/plugins/syntax.php:3 Do not require() files yourself. Autoloading should be used instead!
2022-11-27 22:02:11		syntax.php is deprecated. It was called from require_once() in /home/bdccabes/eaip.vatssa.com/lib/plugins/syntax.php:3 Do not require() files yourself. Autoloading should be used instead!
